2026-02-17 01:27:26,791 [INFO] Watcher started. Monitoring D:\Heck ---0\AI Empolyee\vault\Inbox

=======================================================
  AI Employee — Filesystem Watcher (Bronze Tier)
=======================================================
  Watching : D:\Heck ---0\AI Empolyee\vault\Inbox
  Output   : D:\Heck ---0\AI Empolyee\vault\Needs_Action
  Press Ctrl+C to stop
=======================================================

2026-02-17 01:28:32,831 [INFO] Watcher started. Monitoring D:\Heck ---0\AI Empolyee\vault\Inbox

=======================================================
  AI Employee — Filesystem Watcher (Bronze Tier)
=======================================================
  Watching : D:\Heck ---0\AI Empolyee\vault\Inbox
  Output   : D:\Heck ---0\AI Empolyee\vault\Needs_Action
  Press Ctrl+C to stop
=======================================================

2026-02-17 01:33:33,019 [INFO] Watcher started. Monitoring D:\Heck ---0\AI Empolyee\vault\Inbox

=======================================================
  AI Employee — Filesystem Watcher (Bronze Tier)
=======================================================
  Watching : D:\Heck ---0\AI Empolyee\vault\Inbox
  Output   : D:\Heck ---0\AI Empolyee\vault\Needs_Action
  Press Ctrl+C to stop
=======================================================

2026-02-17 01:38:33,255 [INFO] Watcher started. Monitoring D:\Heck ---0\AI Empolyee\vault\Inbox

=======================================================
  AI Employee — Filesystem Watcher (Bronze Tier)
=======================================================
  Watching : D:\Heck ---0\AI Empolyee\vault\Inbox
  Output   : D:\Heck ---0\AI Empolyee\vault\Needs_Action
  Press Ctrl+C to stop
=======================================================

2026-02-17 01:43:33,421 [INFO] Watcher started. Monitoring D:\Heck ---0\AI Empolyee\vault\Inbox

=======================================================
  AI Employee — Filesystem Watcher (Bronze Tier)
=======================================================
  Watching : D:\Heck ---0\AI Empolyee\vault\Inbox
  Output   : D:\Heck ---0\AI Empolyee\vault\Needs_Action
  Press Ctrl+C to stop
=======================================================

2026-02-17 01:48:33,597 [INFO] Watcher started. Monitoring D:\Heck ---0\AI Empolyee\vault\Inbox

=======================================================
  AI Employee — Filesystem Watcher (Bronze Tier)
=======================================================
  Watching : D:\Heck ---0\AI Empolyee\vault\Inbox
  Output   : D:\Heck ---0\AI Empolyee\vault\Needs_Action
  Press Ctrl+C to stop
=======================================================

2026-02-24 23:59:51,168 [INFO] Watcher started. Monitoring D:\Heck ---0\AI Empolyee\vault\Inbox

=======================================================
  AI Employee — Filesystem Watcher (Bronze Tier)
=======================================================
  Watching : D:\Heck ---0\AI Empolyee\vault\Inbox
  Output   : D:\Heck ---0\AI Empolyee\vault\Needs_Action
  Press Ctrl+C to stop
=======================================================

2026-02-25 00:09:51,427 [INFO] Watcher started. Monitoring D:\Heck ---0\AI Empolyee\vault\Inbox

=======================================================
  AI Employee — Filesystem Watcher (Bronze Tier)
=======================================================
  Watching : D:\Heck ---0\AI Empolyee\vault\Inbox
  Output   : D:\Heck ---0\AI Empolyee\vault\Needs_Action
  Press Ctrl+C to stop
=======================================================

2026-02-25 00:14:51,736 [INFO] Watcher started. Monitoring D:\Heck ---0\AI Empolyee\vault\Inbox

=======================================================
  AI Employee — Filesystem Watcher (Bronze Tier)
=======================================================
  Watching : D:\Heck ---0\AI Empolyee\vault\Inbox
  Output   : D:\Heck ---0\AI Empolyee\vault\Needs_Action
  Press Ctrl+C to stop
=======================================================

2026-02-25 00:19:51,918 [INFO] Watcher started. Monitoring D:\Heck ---0\AI Empolyee\vault\Inbox

=======================================================
  AI Employee — Filesystem Watcher (Bronze Tier)
=======================================================
  Watching : D:\Heck ---0\AI Empolyee\vault\Inbox
  Output   : D:\Heck ---0\AI Empolyee\vault\Needs_Action
  Press Ctrl+C to stop
=======================================================

2026-02-25 00:24:52,141 [INFO] Watcher started. Monitoring D:\Heck ---0\AI Empolyee\vault\Inbox

=======================================================
  AI Employee — Filesystem Watcher (Bronze Tier)
=======================================================
  Watching : D:\Heck ---0\AI Empolyee\vault\Inbox
  Output   : D:\Heck ---0\AI Empolyee\vault\Needs_Action
  Press Ctrl+C to stop
=======================================================

2026-02-25 00:29:52,532 [INFO] Watcher started. Monitoring D:\Heck ---0\AI Empolyee\vault\Inbox

=======================================================
  AI Employee — Filesystem Watcher (Bronze Tier)
=======================================================
  Watching : D:\Heck ---0\AI Empolyee\vault\Inbox
  Output   : D:\Heck ---0\AI Empolyee\vault\Needs_Action
  Press Ctrl+C to stop
=======================================================

2026-02-25 00:37:41,270 [INFO] Watcher started. Monitoring D:\Heck ---0\AI Empolyee\vault\Inbox

=======================================================
  AI Employee — Filesystem Watcher (Bronze Tier)
=======================================================
  Watching : D:\Heck ---0\AI Empolyee\vault\Inbox
  Output   : D:\Heck ---0\AI Empolyee\vault\Needs_Action
  Press Ctrl+C to stop
=======================================================

2026-02-25 00:43:25,823 [INFO] Watcher started. Monitoring D:\Heck ---0\AI Empolyee\vault\Inbox

=======================================================
  AI Employee — Filesystem Watcher (Bronze Tier)
=======================================================
  Watching : D:\Heck ---0\AI Empolyee\vault\Inbox
  Output   : D:\Heck ---0\AI Empolyee\vault\Needs_Action
  Press Ctrl+C to stop
=======================================================

2026-02-25 00:48:25,829 [INFO] Watcher started. Monitoring D:\Heck ---0\AI Empolyee\vault\Inbox

=======================================================
  AI Employee — Filesystem Watcher (Bronze Tier)
=======================================================
  Watching : D:\Heck ---0\AI Empolyee\vault\Inbox
  Output   : D:\Heck ---0\AI Empolyee\vault\Needs_Action
  Press Ctrl+C to stop
=======================================================

2026-02-25 00:53:26,775 [INFO] Watcher started. Monitoring D:\Heck ---0\AI Empolyee\vault\Inbox

=======================================================
  AI Employee — Filesystem Watcher (Bronze Tier)
=======================================================
  Watching : D:\Heck ---0\AI Empolyee\vault\Inbox
  Output   : D:\Heck ---0\AI Empolyee\vault\Needs_Action
  Press Ctrl+C to stop
=======================================================

2026-02-25 00:58:27,931 [INFO] Watcher started. Monitoring D:\Heck ---0\AI Empolyee\vault\Inbox

=======================================================
  AI Employee — Filesystem Watcher (Bronze Tier)
=======================================================
  Watching : D:\Heck ---0\AI Empolyee\vault\Inbox
  Output   : D:\Heck ---0\AI Empolyee\vault\Needs_Action
  Press Ctrl+C to stop
=======================================================

2026-02-25 01:03:28,899 [INFO] Watcher started. Monitoring D:\Heck ---0\AI Empolyee\vault\Inbox

=======================================================
  AI Employee — Filesystem Watcher (Bronze Tier)
=======================================================
  Watching : D:\Heck ---0\AI Empolyee\vault\Inbox
  Output   : D:\Heck ---0\AI Empolyee\vault\Needs_Action
  Press Ctrl+C to stop
=======================================================

2026-02-25 11:08:14,329 [INFO] Watcher started. Monitoring D:\Heck ---0\AI Empolyee\vault\Inbox

=======================================================
  AI Employee — Filesystem Watcher (Bronze Tier)
=======================================================
  Watching : D:\Heck ---0\AI Empolyee\vault\Inbox
  Output   : D:\Heck ---0\AI Empolyee\vault\Needs_Action
  Press Ctrl+C to stop
=======================================================

2026-02-25 11:13:14,626 [INFO] Watcher started. Monitoring D:\Heck ---0\AI Empolyee\vault\Inbox

=======================================================
  AI Employee — Filesystem Watcher (Bronze Tier)
=======================================================
  Watching : D:\Heck ---0\AI Empolyee\vault\Inbox
  Output   : D:\Heck ---0\AI Empolyee\vault\Needs_Action
  Press Ctrl+C to stop
=======================================================

2026-02-25 11:18:15,410 [INFO] Watcher started. Monitoring D:\Heck ---0\AI Empolyee\vault\Inbox

=======================================================
  AI Employee — Filesystem Watcher (Bronze Tier)
=======================================================
  Watching : D:\Heck ---0\AI Empolyee\vault\Inbox
  Output   : D:\Heck ---0\AI Empolyee\vault\Needs_Action
  Press Ctrl+C to stop
=======================================================

2026-02-25 11:23:15,544 [INFO] Watcher started. Monitoring D:\Heck ---0\AI Empolyee\vault\Inbox

=======================================================
  AI Employee — Filesystem Watcher (Bronze Tier)
=======================================================
  Watching : D:\Heck ---0\AI Empolyee\vault\Inbox
  Output   : D:\Heck ---0\AI Empolyee\vault\Needs_Action
  Press Ctrl+C to stop
=======================================================

2026-02-25 11:33:16,733 [INFO] Watcher started. Monitoring D:\Heck ---0\AI Empolyee\vault\Inbox

=======================================================
  AI Employee — Filesystem Watcher (Bronze Tier)
=======================================================
  Watching : D:\Heck ---0\AI Empolyee\vault\Inbox
  Output   : D:\Heck ---0\AI Empolyee\vault\Needs_Action
  Press Ctrl+C to stop
=======================================================

2026-02-25 11:35:59,850 [INFO] Watcher started. Monitoring D:\Heck ---0\AI Empolyee\vault\Inbox

=======================================================
  AI Employee — Filesystem Watcher (Bronze Tier)
=======================================================
  Watching : D:\Heck ---0\AI Empolyee\vault\Inbox
  Output   : D:\Heck ---0\AI Empolyee\vault\Needs_Action
  Press Ctrl+C to stop
=======================================================

2026-02-25 14:20:58,904 [INFO] Watcher started. Monitoring D:\Heck ---0\AI Empolyee\vault\Inbox

=======================================================
  AI Employee — Filesystem Watcher (Bronze Tier)
=======================================================
  Watching : D:\Heck ---0\AI Empolyee\vault\Inbox
  Output   : D:\Heck ---0\AI Empolyee\vault\Needs_Action
  Press Ctrl+C to stop
=======================================================

2026-02-25 14:25:59,203 [INFO] Watcher started. Monitoring D:\Heck ---0\AI Empolyee\vault\Inbox

=======================================================
  AI Employee — Filesystem Watcher (Bronze Tier)
=======================================================
  Watching : D:\Heck ---0\AI Empolyee\vault\Inbox
  Output   : D:\Heck ---0\AI Empolyee\vault\Needs_Action
  Press Ctrl+C to stop
=======================================================

2026-02-25 14:30:59,740 [INFO] Watcher started. Monitoring D:\Heck ---0\AI Empolyee\vault\Inbox

=======================================================
  AI Employee — Filesystem Watcher (Bronze Tier)
=======================================================
  Watching : D:\Heck ---0\AI Empolyee\vault\Inbox
  Output   : D:\Heck ---0\AI Empolyee\vault\Needs_Action
  Press Ctrl+C to stop
=======================================================

2026-02-25 14:36:00,358 [INFO] Watcher started. Monitoring D:\Heck ---0\AI Empolyee\vault\Inbox

=======================================================
  AI Employee — Filesystem Watcher (Bronze Tier)
=======================================================
  Watching : D:\Heck ---0\AI Empolyee\vault\Inbox
  Output   : D:\Heck ---0\AI Empolyee\vault\Needs_Action
  Press Ctrl+C to stop
=======================================================

2026-02-25 14:41:01,066 [INFO] Watcher started. Monitoring D:\Heck ---0\AI Empolyee\vault\Inbox

=======================================================
  AI Employee — Filesystem Watcher (Bronze Tier)
=======================================================
  Watching : D:\Heck ---0\AI Empolyee\vault\Inbox
  Output   : D:\Heck ---0\AI Empolyee\vault\Needs_Action
  Press Ctrl+C to stop
=======================================================

2026-02-25 14:51:02,625 [INFO] Watcher started. Monitoring D:\Heck ---0\AI Empolyee\vault\Inbox
